$ react-scripts build
Creating an optimized production build...
Compiled with warnings.

Failed to parse source map from '/Users/adrian/Dev/Bundly/d-snap/node_modules/simple-cbor/src/index.ts' file: Error: ENOENT: no such file or directory, open '/Users/adrian/Dev/Bundly/d-snap/node_modules/simple-cbor/src/index.ts'

Failed to parse source map from '/Users/adrian/Dev/Bundly/d-snap/node_modules/simple-cbor/src/serializer.ts' file: Error: ENOENT: no such file or directory, open '/Users/adrian/Dev/Bundly/d-snap/node_modules/simple-cbor/src/serializer.ts'

Failed to parse source map from '/Users/adrian/Dev/Bundly/d-snap/node_modules/simple-cbor/src/value.ts' file: Error: ENOENT: no such file or directory, open '/Users/adrian/Dev/Bundly/d-snap/node_modules/simple-cbor/src/value.ts'

[eslint] 
src/components/LoginPage.component.tsx
  Line 4:10:   'Button' is defined but never used      @typescript-eslint/no-unused-vars
  Line 51:10:  'ChromeIcon' is defined but never used  @typescript-eslint/no-unused-vars
  Line 92:10:  'KeyIcon' is defined but never used     @typescript-eslint/no-unused-vars

Search for the keywords to learn more about each warning.
To ignore, add // eslint-disable-next-line to the line before.

File sizes after gzip:

  148.2 kB  build/static/js/main.d6d36b65.js
  3.6 kB    build/static/css/main.f42a562a.css
  1.8 kB    build/static/js/976.a478caf6.chunk.js

The project was built assuming it is hosted at /.
You can control this with the homepage field in your package.json.

The build folder is ready to be deployed.
You may serve it with a static server:

  npm install -g serve
  serve -s build

Find out more about deployment here:

  https://cra.link/deployment

